{"C:\\Users\\Joy\\Documents\\To-Do-List\\src\\modules\\add-delete-update.js": {"path":"C:\\Users\\Joy\\Documents\\To-Do-List\\src\\modules\\add-delete-update.js","statementMap":{"0":{"start":{"line":1,"column":23},"end":{"line":8,"column":1}},"1":{"start":{"line":2,"column":16},"end":{"line":2,"column":68}},"2":{"start":{"line":2,"column":42},"end":{"line":2,"column":67}},"3":{"start":{"line":3,"column":2},"end":{"line":3,"column":25}},"4":{"start":{"line":4,"column":2},"end":{"line":6,"column":5}},"5":{"start":{"line":5,"column":4},"end":{"line":5,"column":38}},"6":{"start":{"line":7,"column":2},"end":{"line":7,"column":15}},"7":{"start":{"line":10,"column":18},"end":{"line":15,"column":2}},"8":{"start":{"line":10,"column":43},"end":{"line":15,"column":2}},"9":{"start":{"line":11,"column":2},"end":{"line":13,"column":3}},"10":{"start":{"line":12,"column":4},"end":{"line":12,"column":42}},"11":{"start":{"line":14,"column":2},"end":{"line":14,"column":14}},"12":{"start":{"line":17,"column":24},"end":{"line":24,"column":1}},"13":{"start":{"line":18,"column":16},"end":{"line":18,"column":68}},"14":{"start":{"line":18,"column":42},"end":{"line":18,"column":67}},"15":{"start":{"line":19,"column":2},"end":{"line":21,"column":3}},"16":{"start":{"line":20,"column":4},"end":{"line":20,"column":38}},"17":{"start":{"line":22,"column":2},"end":{"line":22,"column":51}},"18":{"start":{"line":23,"column":2},"end":{"line":23,"column":15}},"19":{"start":{"line":26,"column":21},"end":{"line":32,"column":1}},"20":{"start":{"line":27,"column":17},"end":{"line":27,"column":65}},"21":{"start":{"line":27,"column":40},"end":{"line":27,"column":64}},"22":{"start":{"line":28,"column":2},"end":{"line":30,"column":5}},"23":{"start":{"line":29,"column":4},"end":{"line":29,"column":23}},"24":{"start":{"line":31,"column":2},"end":{"line":31,"column":16}}},"fnMap":{"0":{"name":"(anonymous_0)","decl":{"start":{"line":1,"column":23},"end":{"line":1,"column":24}},"loc":{"start":{"line":1,"column":40},"end":{"line":8,"column":1}},"line":1},"1":{"name":"(anonymous_1)","decl":{"start":{"line":2,"column":32},"end":{"line":2,"column":33}},"loc":{"start":{"line":2,"column":42},"end":{"line":2,"column":67}},"line":2},"2":{"name":"(anonymous_2)","decl":{"start":{"line":4,"column":16},"end":{"line":4,"column":17}},"loc":{"start":{"line":4,"column":33},"end":{"line":6,"column":3}},"line":4},"3":{"name":"(anonymous_3)","decl":{"start":{"line":10,"column":18},"end":{"line":10,"column":19}},"loc":{"start":{"line":10,"column":43},"end":{"line":15,"column":2}},"line":10},"4":{"name":"(anonymous_4)","decl":{"start":{"line":10,"column":53},"end":{"line":10,"column":54}},"loc":{"start":{"line":10,"column":63},"end":{"line":15,"column":1}},"line":10},"5":{"name":"(anonymous_5)","decl":{"start":{"line":17,"column":24},"end":{"line":17,"column":25}},"loc":{"start":{"line":17,"column":41},"end":{"line":24,"column":1}},"line":17},"6":{"name":"(anonymous_6)","decl":{"start":{"line":18,"column":32},"end":{"line":18,"column":33}},"loc":{"start":{"line":18,"column":42},"end":{"line":18,"column":67}},"line":18},"7":{"name":"(anonymous_7)","decl":{"start":{"line":26,"column":21},"end":{"line":26,"column":22}},"loc":{"start":{"line":26,"column":32},"end":{"line":32,"column":1}},"line":26},"8":{"name":"(anonymous_8)","decl":{"start":{"line":27,"column":30},"end":{"line":27,"column":31}},"loc":{"start":{"line":27,"column":40},"end":{"line":27,"column":64}},"line":27},"9":{"name":"(anonymous_9)","decl":{"start":{"line":28,"column":17},"end":{"line":28,"column":18}},"loc":{"start":{"line":28,"column":30},"end":{"line":30,"column":3}},"line":28}},"branchMap":{"0":{"loc":{"start":{"line":11,"column":2},"end":{"line":13,"column":3}},"type":"if","locations":[{"start":{"line":11,"column":2},"end":{"line":13,"column":3}},{"start":{},"end":{}}],"line":11},"1":{"loc":{"start":{"line":19,"column":2},"end":{"line":21,"column":3}},"type":"if","locations":[{"start":{"line":19,"column":2},"end":{"line":21,"column":3}},{"start":{},"end":{}}],"line":19}},"s":{"0":1,"1":0,"2":0,"3":0,"4":0,"5":0,"6":0,"7":1,"8":2,"9":6,"10":2,"11":4,"12":1,"13":2,"14":4,"15":2,"16":1,"17":1,"18":1,"19":1,"20":1,"21":4,"22":1,"23":2,"24":1},"f":{"0":0,"1":0,"2":0,"3":2,"4":6,"5":2,"6":4,"7":1,"8":4,"9":2},"b":{"0":[2,4],"1":[1,1]},"_coverageSchema":"1a1c01bbd47fc00a2c39e90264f33305004495a9","hash":"3d9aae9816cba3966123160a07af8480c331f921"}
,"C:\\Users\\Joy\\Documents\\To-Do-List\\src\\modules\\local-storage.js": {"path":"C:\\Users\\Joy\\Documents\\To-Do-List\\src\\modules\\local-storage.js","statementMap":{"0":{"start":{"line":1,"column":30},"end":{"line":3,"column":1}},"1":{"start":{"line":2,"column":2},"end":{"line":2,"column":53}}},"fnMap":{"0":{"name":"(anonymous_0)","decl":{"start":{"line":1,"column":30},"end":{"line":1,"column":31}},"loc":{"start":{"line":1,"column":39},"end":{"line":3,"column":1}},"line":1}},"branchMap":{},"s":{"0":1,"1":1},"f":{"0":1},"b":{},"_coverageSchema":"1a1c01bbd47fc00a2c39e90264f33305004495a9","hash":"f4ce5ff3c2e7911b182dad9307dd71f089bef231"}
}
