TN:
SF:src\modules\add-delete-update.js
FN:1,(anonymous_0)
FN:2,(anonymous_1)
FN:4,(anonymous_2)
FN:10,(anonymous_3)
FN:10,(anonymous_4)
FN:17,(anonymous_5)
FN:18,(anonymous_6)
FN:26,(anonymous_7)
FN:27,(anonymous_8)
FN:28,(anonymous_9)
FNF:10
FNH:7
FNDA:0,(anonymous_0)
FNDA:0,(anonymous_1)
FNDA:0,(anonymous_2)
FNDA:2,(anonymous_3)
FNDA:6,(anonymous_4)
FNDA:2,(anonymous_5)
FNDA:4,(anonymous_6)
FNDA:1,(anonymous_7)
FNDA:4,(anonymous_8)
FNDA:2,(anonymous_9)
DA:1,1
DA:2,0
DA:3,0
DA:4,0
DA:5,0
DA:7,0
DA:10,2
DA:11,6
DA:12,2
DA:14,4
DA:17,1
DA:18,4
DA:19,2
DA:20,1
DA:22,1
DA:23,1
DA:26,1
DA:27,4
DA:28,1
DA:29,2
DA:31,1
LF:21
LH:16
BRDA:11,0,0,2
BRDA:11,0,1,4
BRDA:19,1,0,1
BRDA:19,1,1,1
BRF:4
BRH:4
end_of_record
TN:
SF:src\modules\local-storage.js
FN:1,(anonymous_0)
FNF:1
FNH:1
FNDA:1,(anonymous_0)
DA:1,1
DA:2,1
LF:2
LH:2
BRF:0
BRH:0
end_of_record
